<?xml version="1.0" encoding="UTF-8"?>
<!-- Generated by org.testng.reporters.JUnitXMLReporter -->
<testsuite ignored="0" hostname="MBP-Vladimir" failures="0" tests="10" name="Default test" time="16.825" errors="0" timestamp="06 апр. 2019 07:47:47 GMT">
  <testcase classname="testCases.HybridExecuteTest" name="testLogin" time="2.959"/>
  <testcase classname="testCases.HybridExecuteTest" name="testLogin" time="3.517"/>
  <testcase classname="testCases.HybridExecuteTest" name="testLogin" time="0.911"/>
  <testcase classname="testCases.HybridExecuteTest" name="testLogin" time="0.167"/>
  <testcase classname="testCases.HybridExecuteTest" name="testLogin" time="0.145"/>
  <testcase classname="testCases.HybridExecuteTest" name="testLogin" time="2.143"/>
  <testcase classname="testCases.HybridExecuteTest" name="testLogin" time="3.211"/>
  <testcase classname="testCases.HybridExecuteTest" name="testLogin" time="0.986"/>
  <testcase classname="testCases.HybridExecuteTest" name="testLogin" time="0.205"/>
  <testcase classname="testCases.HybridExecuteTest" name="testLogin" time="1.416"/>
</testsuite> <!-- Default test -->
