<?xml version="1.0" encoding="UTF-8"?>
<testng-results ignored="0" total="10" passed="10" failed="0" skipped="0">
  <reporter-output>
  </reporter-output>
  <suite started-at="2019-04-06T07:47:30Z" name="Default suite" finished-at="2019-04-06T07:47:47Z" duration-ms="16825">
    <groups>
    </groups>
    <test started-at="2019-04-06T07:47:30Z" name="Default test" finished-at="2019-04-06T07:47:47Z" duration-ms="16825">
      <class name="testCases.HybridExecuteTest">
        <test-method signature="testLogin(java.lang.String, java.lang.String, java.lang.String, java.lang.String, java.lang.String)[pri:0, instance:testCases.HybridExecuteTest@6a03bcb1]" started-at="2019-04-06T07:47:31Z" name="testLogin" data-provider="hybridData" finished-at="2019-04-06T07:47:34Z" duration-ms="2959" status="PASS">
          <params>
            <param index="0">
              <value>
                <![CDATA[Reset Login In Application]]>
              </value>
            </param>
            <param index="1">
              <value>
                <![CDATA[]]>
              </value>
            </param>
            <param index="2">
              <value>
                <![CDATA[]]>
              </value>
            </param>
            <param index="3">
              <value>
                <![CDATA[]]>
              </value>
            </param>
            <param index="4">
              <value>
                <![CDATA[]]>
              </value>
            </param>
          </params>
          <reporter-output>
          </reporter-output>
        </test-method> <!-- testLogin -->
        <test-method signature="testLogin(java.lang.String, java.lang.String, java.lang.String, java.lang.String, java.lang.String)[pri:0, instance:testCases.HybridExecuteTest@6a03bcb1]" started-at="2019-04-06T07:47:34Z" name="testLogin" data-provider="hybridData" finished-at="2019-04-06T07:47:38Z" duration-ms="3517" status="PASS">
          <params>
            <param index="0">
              <value>
                <![CDATA[]]>
              </value>
            </param>
            <param index="1">
              <value>
                <![CDATA[GOTOURL]]>
              </value>
            </param>
            <param index="2">
              <value>
                <![CDATA[]]>
              </value>
            </param>
            <param index="3">
              <value>
                <![CDATA[]]>
              </value>
            </param>
            <param index="4">
              <value>
                <![CDATA[url]]>
              </value>
            </param>
          </params>
          <reporter-output>
          </reporter-output>
        </test-method> <!-- testLogin -->
        <test-method signature="testLogin(java.lang.String, java.lang.String, java.lang.String, java.lang.String, java.lang.String)[pri:0, instance:testCases.HybridExecuteTest@6a03bcb1]" started-at="2019-04-06T07:47:38Z" name="testLogin" data-provider="hybridData" finished-at="2019-04-06T07:47:39Z" duration-ms="911" status="PASS">
          <params>
            <param index="0">
              <value>
                <![CDATA[]]>
              </value>
            </param>
            <param index="1">
              <value>
                <![CDATA[SETTEXT]]>
              </value>
            </param>
            <param index="2">
              <value>
                <![CDATA[username]]>
              </value>
            </param>
            <param index="3">
              <value>
                <![CDATA[name]]>
              </value>
            </param>
            <param index="4">
              <value>
                <![CDATA[mgr123]]>
              </value>
            </param>
          </params>
          <reporter-output>
          </reporter-output>
        </test-method> <!-- testLogin -->
        <test-method signature="testLogin(java.lang.String, java.lang.String, java.lang.String, java.lang.String, java.lang.String)[pri:0, instance:testCases.HybridExecuteTest@6a03bcb1]" started-at="2019-04-06T07:47:39Z" name="testLogin" data-provider="hybridData" finished-at="2019-04-06T07:47:39Z" duration-ms="167" status="PASS">
          <params>
            <param index="0">
              <value>
                <![CDATA[]]>
              </value>
            </param>
            <param index="1">
              <value>
                <![CDATA[SETTEXT]]>
              </value>
            </param>
            <param index="2">
              <value>
                <![CDATA[password]]>
              </value>
            </param>
            <param index="3">
              <value>
                <![CDATA[name]]>
              </value>
            </param>
            <param index="4">
              <value>
                <![CDATA[mgr!23]]>
              </value>
            </param>
          </params>
          <reporter-output>
          </reporter-output>
        </test-method> <!-- testLogin -->
        <test-method signature="testLogin(java.lang.String, java.lang.String, java.lang.String, java.lang.String, java.lang.String)[pri:0, instance:testCases.HybridExecuteTest@6a03bcb1]" started-at="2019-04-06T07:47:39Z" name="testLogin" data-provider="hybridData" finished-at="2019-04-06T07:47:39Z" duration-ms="145" status="PASS">
          <params>
            <param index="0">
              <value>
                <![CDATA[]]>
              </value>
            </param>
            <param index="1">
              <value>
                <![CDATA[CLICK]]>
              </value>
            </param>
            <param index="2">
              <value>
                <![CDATA[resetButton]]>
              </value>
            </param>
            <param index="3">
              <value>
                <![CDATA[name]]>
              </value>
            </param>
            <param index="4">
              <value>
                <![CDATA[]]>
              </value>
            </param>
          </params>
          <reporter-output>
          </reporter-output>
        </test-method> <!-- testLogin -->
        <test-method signature="testLogin(java.lang.String, java.lang.String, java.lang.String, java.lang.String, java.lang.String)[pri:0, instance:testCases.HybridExecuteTest@6a03bcb1]" started-at="2019-04-06T07:47:39Z" name="testLogin" data-provider="hybridData" finished-at="2019-04-06T07:47:41Z" duration-ms="2143" status="PASS">
          <params>
            <param index="0">
              <value>
                <![CDATA[Login In Application]]>
              </value>
            </param>
            <param index="1">
              <value>
                <![CDATA[]]>
              </value>
            </param>
            <param index="2">
              <value>
                <![CDATA[]]>
              </value>
            </param>
            <param index="3">
              <value>
                <![CDATA[]]>
              </value>
            </param>
            <param index="4">
              <value>
                <![CDATA[]]>
              </value>
            </param>
          </params>
          <reporter-output>
          </reporter-output>
        </test-method> <!-- testLogin -->
        <test-method signature="testLogin(java.lang.String, java.lang.String, java.lang.String, java.lang.String, java.lang.String)[pri:0, instance:testCases.HybridExecuteTest@6a03bcb1]" started-at="2019-04-06T07:47:41Z" name="testLogin" data-provider="hybridData" finished-at="2019-04-06T07:47:44Z" duration-ms="3211" status="PASS">
          <params>
            <param index="0">
              <value>
                <![CDATA[]]>
              </value>
            </param>
            <param index="1">
              <value>
                <![CDATA[GOTOURL]]>
              </value>
            </param>
            <param index="2">
              <value>
                <![CDATA[]]>
              </value>
            </param>
            <param index="3">
              <value>
                <![CDATA[]]>
              </value>
            </param>
            <param index="4">
              <value>
                <![CDATA[url]]>
              </value>
            </param>
          </params>
          <reporter-output>
          </reporter-output>
        </test-method> <!-- testLogin -->
        <test-method signature="testLogin(java.lang.String, java.lang.String, java.lang.String, java.lang.String, java.lang.String)[pri:0, instance:testCases.HybridExecuteTest@6a03bcb1]" started-at="2019-04-06T07:47:44Z" name="testLogin" data-provider="hybridData" finished-at="2019-04-06T07:47:45Z" duration-ms="986" status="PASS">
          <params>
            <param index="0">
              <value>
                <![CDATA[]]>
              </value>
            </param>
            <param index="1">
              <value>
                <![CDATA[SETTEXT]]>
              </value>
            </param>
            <param index="2">
              <value>
                <![CDATA[username]]>
              </value>
            </param>
            <param index="3">
              <value>
                <![CDATA[name]]>
              </value>
            </param>
            <param index="4">
              <value>
                <![CDATA[mgr123]]>
              </value>
            </param>
          </params>
          <reporter-output>
          </reporter-output>
        </test-method> <!-- testLogin -->
        <test-method signature="testLogin(java.lang.String, java.lang.String, java.lang.String, java.lang.String, java.lang.String)[pri:0, instance:testCases.HybridExecuteTest@6a03bcb1]" started-at="2019-04-06T07:47:45Z" name="testLogin" data-provider="hybridData" finished-at="2019-04-06T07:47:46Z" duration-ms="205" status="PASS">
          <params>
            <param index="0">
              <value>
                <![CDATA[]]>
              </value>
            </param>
            <param index="1">
              <value>
                <![CDATA[SETTEXT]]>
              </value>
            </param>
            <param index="2">
              <value>
                <![CDATA[password]]>
              </value>
            </param>
            <param index="3">
              <value>
                <![CDATA[name]]>
              </value>
            </param>
            <param index="4">
              <value>
                <![CDATA[mgr!23]]>
              </value>
            </param>
          </params>
          <reporter-output>
          </reporter-output>
        </test-method> <!-- testLogin -->
        <test-method signature="testLogin(java.lang.String, java.lang.String, java.lang.String, java.lang.String, java.lang.String)[pri:0, instance:testCases.HybridExecuteTest@6a03bcb1]" started-at="2019-04-06T07:47:46Z" name="testLogin" data-provider="hybridData" finished-at="2019-04-06T07:47:47Z" duration-ms="1416" status="PASS">
          <params>
            <param index="0">
              <value>
                <![CDATA[]]>
              </value>
            </param>
            <param index="1">
              <value>
                <![CDATA[CLICK]]>
              </value>
            </param>
            <param index="2">
              <value>
                <![CDATA[loginButton]]>
              </value>
            </param>
            <param index="3">
              <value>
                <![CDATA[name]]>
              </value>
            </param>
            <param index="4">
              <value>
                <![CDATA[]]>
              </value>
            </param>
          </params>
          <reporter-output>
          </reporter-output>
        </test-method> <!-- testLogin -->
      </class> <!-- testCases.HybridExecuteTest -->
    </test> <!-- Default test -->
  </suite> <!-- Default suite -->
</testng-results>
